1498607254074	geckodriver	INFO	Listening on 127.0.0.1:53314
1498607255474	geckodriver::marionette	INFO	Starting browser \\?\C:\Program Files (x86)\Mozilla Firefox\firefox.exe with args ["-marionette"]
1498607255943	addons.manager	ERROR	startup failed: [Exception... "Component returned failure code: 0x80070057 (NS_ERROR_ILLEGAL_VALUE) [nsIFile.create]"  nsresult: "0x80070057 (NS_ERROR_ILLEGAL_VALUE)"  location: "JS frame :: resource://gre/modules/FileUtils.jsm :: FileUtils_getDir :: line 70"  data: no] Stack trace: FileUtils_getDir()@resource://gre/modules/FileUtils.jsm:70 < FileUtils_getFile()@resource://gre/modules/FileUtils.jsm:42 < validateBlocklist()@resource://gre/modules/AddonManager.jsm:671 < startup()@resource://gre/modules/AddonManager.jsm:834 < startup()@resource://gre/modules/AddonManager.jsm:3129 < observe()@resource://gre/components/addonManager.js:65
JavaScript error: resource://gre/modules/AddonManager.jsm, line 1657: NS_ERROR_NOT_INITIALIZED: AddonManager is not initialized
1498607262793	Marionette	INFO	Listening on port 53330
JavaScript error: resource://gre/modules/AddonManager.jsm, line 2570: NS_ERROR_NOT_INITIALIZED: AddonManager is not initialized
1498607263291	Marionette	WARN	TLS certificate errors will be ignored for this session
1498607332132	addons.productaddons	WARN	Failed downloading via XHR, status: 0, reason: error
tte	INFO	Starting browser \\?\C:\Program Files (x86)\Mozilla Firefox\firefox.exe with args ["-marionette"]
1498607326249	addons.manager	ERROR	startup failed: [Exception... "Component returned failure code: 0x80070057 (NS_ERROR_ILLEGAL_VALUE) [nsIFile.create]"  nsresult: "0x80070057 (NS_ERROR_ILLEGAL_VALUE)"  location: "JS frame :: resource://gre/modules/FileUtils.jsm :: FileUtils_getDir :: line 70"  data: no] Stack trace: FileUtils_getDir()@resource://gre/modules/FileUtils.jsm:70 < FileUtils_getFile()@resource://gre/modules/FileUtils.jsm:42 < validateBlocklist()@resource://gre/modules/AddonManager.jsm:671 < startup()@resource://gre/modules/AddonManager.jsm:834 < startup()@resource://gre/modules/AddonManager.jsm:3129 < observe()@resource://gre/components/addonManager.js:65
JavaScript error: resource://gre/modules/AddonManager.jsm, line 1657: NS_ERROR_NOT_INITIALIZED: AddonManager is not initialized
1498607332978	Marionette	INFO	Listening on port 53731
JavaScript error: resource://gre/modules/AddonManager.jsm, line 2570: NS_ERROR_NOT_INITIALIZED: AddonManager is not initialized
1498607333852	Marionette	WARN	TLS certificate errors will be ignored for this session
console.error: 
  stylesheets actor: fetch failed for https://jse.trivago.com/_assets/osp/vAssets/main_css.90b5cedb4e40f03b96ff9b9078e2ba3e.ec.css, using system principal instead.
console.error: 
  stylesheets actor: fetch failed for https://jse.trivago.com/_assets/osp/vAssets/main_css.90b5cedb4e40f03b96ff9b9078e2ba3e.ec.css, using system principal instead.
console.error: 
  stylesheets actor: fetch failed for https://jse.trivago.com/_assets/osp/vAssets/stable_css.db60e0e26bc88c46c14d09cb93f5b8af.ec.css, using system principal instead.
console.error: 
  stylesheets actor: fetch failed for https://jse.trivago.com/_assets/osp/vAssets/stable_css.db60e0e26bc88c46c14d09cb93f5b8af.ec.css, using system principal instead.
1498607546819	geckodriver	INFO	Listening on 127.0.0.1:54849
1498607548962	geckodriver::marionette	INFO	Starting browser \\?\C:\Program Files (x86)\Mozilla Firefox\firefox.exe with args ["-marionette"]
1498607549602	addons.manager	ERROR	startup failed: [Exception... "Component returned failure code: 0x80070057 (NS_ERROR_ILLEGAL_VALUE) [nsIFile.create]"  nsresult: "0x80070057 (NS_ERROR_ILLEGAL_VALUE)"  location: "JS frame :: resource://gre/modules/FileUtils.jsm :: FileUtils_getDir :: line 70"  data: no] Stack trace: FileUtils_getDir()@resource://gre/modules/FileUtils.jsm:70 < FileUtils_getFile()@resource://gre/modules/FileUtils.jsm:42 < validateBlocklist()@resource://gre/modules/AddonManager.jsm:671 < startup()@resource://gre/modules/AddonManager.jsm:834 < startup()@resource://gre/modules/AddonManager.jsm:3129 < observe()@resource://gre/components/addonManager.js:65
JavaScript error: resource://gre/modules/AddonManager.jsm, line 1657: NS_ERROR_NOT_INITIALIZED: AddonManager is not initialized
1498607555619	Marionette	INFO	Listening on port 54863
JavaScript error: resource://gre/modules/AddonManager.jsm, line 2570: NS_ERROR_NOT_INITIALIZED: AddonManager is not initialized
1498607556413	Marionette	WARN	TLS certificate errors will be ignored for this session
1498607674618	geckodriver	INFO	Listening on 127.0.0.1:55526
1498607676778	geckodriver::marionette	INFO	Starting browser \\?\C:\Program Files (x86)\Mozilla Firefox\firefox.exe with args ["-marionette"]
1498607677500	addons.manager	ERROR	startup failed: [Exception... "Component returned failure code: 0x80070057 (NS_ERROR_ILLEGAL_VALUE) [nsIFile.create]"  nsresult: "0x80070057 (NS_ERROR_ILLEGAL_VALUE)"  location: "JS frame :: resource://gre/modules/FileUtils.jsm :: FileUtils_getDir :: line 70"  data: no] Stack trace: FileUtils_getDir()@resource://gre/modules/FileUtils.jsm:70 < FileUtils_getFile()@resource://gre/modules/FileUtils.jsm:42 < validateBlocklist()@resource://gre/modules/AddonManager.jsm:671 < startup()@resource://gre/modules/AddonManager.jsm:834 < startup()@resource://gre/modules/AddonManager.jsm:3129 < observe()@resource://gre/components/addonManager.js:65
JavaScript error: resource://gre/modules/AddonManager.jsm, line 1657: NS_ERROR_NOT_INITIALIZED: AddonManager is not initialized
1498607688257	geckodriver	INFO	Listening on 127.0.0.1:55604
1498607690461	geckodriver::marionette	INFO	Starting browser \\?\C:\Program Files (x86)\Mozilla Firefox\firefox.exe with args ["-marionette"]
1498607691119	addons.manager	ERROR	startup failed: [Exception... "Component returned failure code: 0x80070057 (NS_ERROR_ILLEGAL_VALUE) [nsIFile.create]"  nsresult: "0x80070057 (NS_ERROR_ILLEGAL_VALUE)"  location: "JS frame :: resource://gre/modules/FileUtils.jsm :: FileUtils_getDir :: line 70"  data: no] Stack trace: FileUtils_getDir()@resource://gre/modules/FileUtils.jsm:70 < FileUtils_getFile()@resource://gre/modules/FileUtils.jsm:42 < validateBlocklist()@resource://gre/modules/AddonManager.jsm:671 < startup()@resource://gre/modules/AddonManager.jsm:834 < startup()@resource://gre/modules/AddonManager.jsm:3129 < observe()@resource://gre/components/addonManager.js:65
JavaScript error: resource://gre/modules/AddonManager.jsm, line 1657: NS_ERROR_NOT_INITIALIZED: AddonManager is not initialized
1498607696832	Marionette	INFO	Listening on port 55620
JavaScript error: resource://gre/modules/AddonManager.jsm, line 2570: NS_ERROR_NOT_INITIALIZED: AddonManager is not initialized
1498607697838	Marionette	WARN	TLS certificate errors will be ignored for this session
1498607858503	geckodriver	INFO	Listening on 127.0.0.1:56476
1498607860646	geckodriver::marionette	INFO	Starting browser \\?\C:\Program Files (x86)\Mozilla Firefox\firefox.exe with args ["-marionette"]
1498607861298	addons.manager	ERROR	startup failed: [Exception... "Component returned failure code: 0x80070057 (NS_ERROR_ILLEGAL_VALUE) [nsIFile.create]"  nsresult: "0x80070057 (NS_ERROR_ILLEGAL_VALUE)"  location: "JS frame :: resource://gre/modules/FileUtils.jsm :: FileUtils_getDir :: line 70"  data: no] Stack trace: FileUtils_getDir()@resource://gre/modules/FileUtils.jsm:70 < FileUtils_getFile()@resource://gre/modules/FileUtils.jsm:42 < validateBlocklist()@resource://gre/modules/AddonManager.jsm:671 < startup()@resource://gre/modules/AddonManager.jsm:834 < startup()@resource://gre/modules/AddonManager.jsm:3129 < observe()@resource://gre/components/addonManager.js:65
JavaScript error: resource://gre/modules/AddonManager.jsm, line 1657: NS_ERROR_NOT_INITIALIZED: AddonManager is not initialized
1498607867028	Marionette	INFO	Listening on port 56490
JavaScript error: resource://gre/modules/AddonManager.jsm, line 2570: NS_ERROR_NOT_INITIALIZED: AddonManager is not initialized
1498607868041	Marionette	WARN	TLS certificate errors will be ignored for this session
1498607905135	geckodriver	INFO	Listening on 127.0.0.1:56768
1498607907234	geckodriver::marionette	INFO	Starting browser \\?\C:\Program Files (x86)\Mozilla Firefox\firefox.exe with args ["-marionette"]
1498607907736	addons.manager	ERROR	startup failed: [Exception... "Component returned failure code: 0x80070057 (NS_ERROR_ILLEGAL_VALUE) [nsIFile.create]"  nsresult: "0x80070057 (NS_ERROR_ILLEGAL_VALUE)"  location: "JS frame :: resource://gre/modules/FileUtils.jsm :: FileUtils_getDir :: line 70"  data: no] Stack trace: FileUtils_getDir()@resource://gre/modules/FileUtils.jsm:70 < FileUtils_getFile()@resource://gre/modules/FileUtils.jsm:42 < validateBlocklist()@resource://gre/modules/AddonManager.jsm:671 < startup()@resource://gre/modules/AddonManager.jsm:834 < startup()@resource://gre/modules/AddonManager.jsm:3129 < observe()@resource://gre/components/addonManager.js:65
JavaScript error: resource://gre/modules/AddonManager.jsm, line 1657: NS_ERROR_NOT_INITIALIZED: AddonManager is not initialized
1498607913024	Marionette	INFO	Listening on port 56784
JavaScript error: resource://gre/modules/AddonManager.jsm, line 2570: NS_ERROR_NOT_INITIALIZED: AddonManager is not initialized
1498607913713	Marionette	WARN	TLS certificate errors will be ignored for this session
1498608177633	geckodriver	INFO	Listening on 127.0.0.1:57932
1498608179753	geckodriver::marionette	INFO	Starting browser \\?\C:\Program Files (x86)\Mozilla Firefox\firefox.exe with args ["-marionette"]
1498608180250	addons.manager	ERROR	startup failed: [Exception... "Component returned failure code: 0x80070057 (NS_ERROR_ILLEGAL_VALUE) [nsIFile.create]"  nsresult: "0x80070057 (NS_ERROR_ILLEGAL_VALUE)"  location: "JS frame :: resource://gre/modules/FileUtils.jsm :: FileUtils_getDir :: line 70"  data: no] Stack trace: FileUtils_getDir()@resource://gre/modules/FileUtils.jsm:70 < FileUtils_getFile()@resource://gre/modules/FileUtils.jsm:42 < validateBlocklist()@resource://gre/modules/AddonManager.jsm:671 < startup()@resource://gre/modules/AddonManager.jsm:834 < startup()@resource://gre/modules/AddonManager.jsm:3129 < observe()@resource://gre/components/addonManager.js:65
JavaScript error: resource://gre/modules/AddonManager.jsm, line 1657: NS_ERROR_NOT_INITIALIZED: AddonManager is not initialized
1498608185753	Marionette	INFO	Listening on port 50741
JavaScript error: resource://gre/modules/AddonManager.jsm, line 2570: NS_ERROR_NOT_INITIALIZED: AddonManager is not initialized
1498608186151	Marionette	WARN	TLS certificate errors will be ignored for this session
JavaScript error: resource://app/modules/WindowsJumpLists.jsm, line 403: NS_ERROR_FILE_NOT_FOUND: Component returned failure code: 0x80520012 (NS_ERROR_FILE_NOT_FOUND) [nsIJumpListShortcut.app]
JavaScript error: resource://app/modules/WindowsJumpLists.jsm, line 403: NS_ERROR_FILE_NOT_FOUND: Component returned failure code: 0x80520012 (NS_ERROR_FILE_NOT_FOUND) [nsIJumpListShortcut.app]
JavaScript error: resource://app/modules/WindowsJumpLists.jsm, line 403: NS_ERROR_FILE_NOT_FOUND: Component returned failure code: 0x80520012 (NS_ERROR_FILE_NOT_FOUND) [nsIJumpListShortcut.app]
JavaScript error: resource://app/modules/WindowsJumpLists.jsm, line 403: NS_ERROR_FILE_NOT_FOUND: Component returned failure code: 0x80520012 (NS_ERROR_FILE_NOT_FOUND) [nsIJumpListShortcut.app]
JavaScript error: resource://gre/modules/AddonManager.jsm, line 1416: NS_ERROR_NOT_INITIALIZED: AddonManager is not initialized
EGAL_VALUE) [nsIFile.create]"  nsresult: "0x80070057 (NS_ERROR_ILLEGAL_VALUE)"  location: "JS frame :: resource://gre/modules/FileUtils.jsm :: FileUtils_getDir :: line 70"  data: no] Stack trace: FileUtils_getDir()@resource://gre/modules/FileUtils.jsm:70 < FileUtils_getFile()@resource://gre/modules/FileUtils.jsm:42 < validateBlocklist()@resource://gre/modules/AddonManager.jsm:671 < startup()@resource://gre/modules/AddonManager.jsm:834 < startup()@resource://gre/modules/AddonManager.jsm:3129 < observe()@resource://gre/components/addonManager.js:65
JavaScript error: resource://gre/modules/AddonManager.jsm, line 1657: NS_ERROR_NOT_INITIALIZED: AddonManager is not initialized
1498608646666	Marionette	INFO	Listening on port 53095
JavaScript error: resource://gre/modules/AddonManager.jsm, line 2570: NS_ERROR_NOT_INITIALIZED: AddonManager is not initialized
1498608647155	Marionette	WARN	TLS certificate errors will be ignored for this session
1498608711329	geckodriver	INFO	Listening on 127.0.0.1:53491
1498608713396	geckodriver::marionette	INFO	Starting browser \\?\C:\Program Files (x86)\Mozilla Firefox\firefox.exe with args ["-marionette"]
1498608713753	addons.manager	ERROR	startup failed: [Exception... "Component returned failure code: 0x80070057 (NS_ERROR_ILLEGAL_VALUE) [nsIFile.create]"  nsresult: "0x80070057 (NS_ERROR_ILLEGAL_VALUE)"  location: "JS frame :: resource://gre/modules/FileUtils.jsm :: FileUtils_getDir :: line 70"  data: no] Stack trace: FileUtils_getDir()@resource://gre/modules/FileUtils.jsm:70 < FileUtils_getFile()@resource://gre/modules/FileUtils.jsm:42 < validateBlocklist()@resource://gre/modules/AddonManager.jsm:671 < startup()@resource://gre/modules/AddonManager.jsm:834 < startup()@resource://gre/modules/AddonManager.jsm:3129 < observe()@resource://gre/components/addonManager.js:65
JavaScript error: resource://gre/modules/AddonManager.jsm, line 1657: NS_ERROR_NOT_INITIALIZED: AddonManager is not initialized
1498608720269	Marionette	INFO	Listening on port 53505
JavaScript error: resource://gre/modules/AddonManager.jsm, line 2570: NS_ERROR_NOT_INITIALIZED: AddonManager is not initialized
1498608720858	Marionette	WARN	TLS certificate errors will be ignored for this session
JavaScript error: resource://app/modules/WindowsJumpLists.jsm, line 403: NS_ERROR_FILE_NOT_FOUND: Component returned failure code: 0x80520012 (NS_ERROR_FILE_NOT_FOUND) [nsIJumpListShortcut.app]
tte"]
1498608786911	addons.manager	ERROR	startup failed: [Exception... "Component returned failure code: 0x80070057 (NS_ERROR_ILLEGAL_VALUE) [nsIFile.create]"  nsresult: "0x80070057 (NS_ERROR_ILLEGAL_VALUE)"  location: "JS frame :: resource://gre/modules/FileUtils.jsm :: FileUtils_getDir :: line 70"  data: no] Stack trace: FileUtils_getDir()@resource://gre/modules/FileUtils.jsm:70 < FileUtils_getFile()@resource://gre/modules/FileUtils.jsm:42 < validateBlocklist()@resource://gre/modules/AddonManager.jsm:671 < startup()@resource://gre/modules/AddonManager.jsm:834 < startup()@resource://gre/modules/AddonManager.jsm:3129 < observe()@resource://gre/components/addonManager.js:65
JavaScript error: resource://gre/modules/AddonManager.jsm, line 1657: NS_ERROR_NOT_INITIALIZED: AddonManager is not initialized
1498608792602	Marionette	INFO	Listening on port 53924
JavaScript error: resource://gre/modules/AddonManager.jsm, line 2570: NS_ERROR_NOT_INITIALIZED: AddonManager is not initialized
1498608793081	Marionette	WARN	TLS certificate errors will be ignored for this session
1498609354546	geckodriver	INFO	Listening on 127.0.0.1:56615
1498609356706	geckodriver::marionette	INFO	Starting browser \\?\C:\Program Files (x86)\Mozilla Firefox\firefox.exe with args ["-marionette"]
1498609357373	addons.manager	ERROR	startup failed: [Exception... "Component returned failure code: 0x80070057 (NS_ERROR_ILLEGAL_VALUE) [nsIFile.create]"  nsresult: "0x80070057 (NS_ERROR_ILLEGAL_VALUE)"  location: "JS frame :: resource://gre/modules/FileUtils.jsm :: FileUtils_getDir :: line 70"  data: no] Stack trace: FileUtils_getDir()@resource://gre/modules/FileUtils.jsm:70 < FileUtils_getFile()@resource://gre/modules/FileUtils.jsm:42 < validateBlocklist()@resource://gre/modules/AddonManager.jsm:671 < startup()@resource://gre/modules/AddonManager.jsm:834 < startup()@resource://gre/modules/AddonManager.jsm:3129 < observe()@resource://gre/components/addonManager.js:65
JavaScript error: resource://gre/modules/AddonManager.jsm, line 1657: NS_ERROR_NOT_INITIALIZED: AddonManager is not initialized
1498609362494	Marionette	INFO	Listening on port 56631
JavaScript error: resource://gre/modules/AddonManager.jsm, line 2570: NS_ERROR_NOT_INITIALIZED: AddonManager is not initialized
1498609363128	Marionette	WARN	TLS certificate errors will be ignored for this session
1498609440524	geckodriver	INFO	Listening on 127.0.0.1:57079
1498609442610	geckodriver::marionette	INFO	Starting browser \\?\C:\Program Files (x86)\Mozilla Firefox\firefox.exe with args ["-marionette"]
1498609443195	addons.manager	ERROR	startup failed: [Exception... "Component returned failure code: 0x80070057 (NS_ERROR_ILLEGAL_VALUE) [nsIFile.create]"  nsresult: "0x80070057 (NS_ERROR_ILLEGAL_VALUE)"  location: "JS frame :: resource://gre/modules/FileUtils.jsm :: FileUtils_getDir :: line 70"  data: no] Stack trace: FileUtils_getDir()@resource://gre/modules/FileUtils.jsm:70 < FileUtils_getFile()@resource://gre/modules/FileUtils.jsm:42 < validateBlocklist()@resource://gre/modules/AddonManager.jsm:671 < startup()@resource://gre/modules/AddonManager.jsm:834 < startup()@resource://gre/modules/AddonManager.jsm:3129 < observe()@resource://gre/components/addonManager.js:65
JavaScript error: resource://gre/modules/AddonManager.jsm, line 1657: NS_ERROR_NOT_INITIALIZED: AddonManager is not initialized
1498609449231	Marionette	INFO	Listening on port 57095
JavaScript error: resource://gre/modules/AddonManager.jsm, line 2570: NS_ERROR_NOT_INITIALIZED: AddonManager is not initialized
1498609450114	Marionette	WARN	TLS certificate errors will be ignored for this session
JavaScript error: resource://app/modules/WindowsJumpLists.jsm, line 403: NS_ERROR_FILE_NOT_FOUND: Component returned failure code: 0x80520012 (NS_ERROR_FILE_NOT_FOUND) [nsIJumpListShortcut.app]
1498609622162	geckodriver	INFO	Listening on 127.0.0.1:58029
1498609624283	geckodriver::marionette	INFO	Starting browser \\?\C:\Program Files (x86)\Mozilla Firefox\firefox.exe with args ["-marionette"]
1498609624745	addons.manager	ERROR	startup failed: [Exception... "Component returned failure code: 0x80070057 (NS_ERROR_ILLEGAL_VALUE) [nsIFile.create]"  nsresult: "0x80070057 (NS_ERROR_ILLEGAL_VALUE)"  location: "JS frame :: resource://gre/modules/FileUtils.jsm :: FileUtils_getDir :: line 70"  data: no] Stack trace: FileUtils_getDir()@resource://gre/modules/FileUtils.jsm:70 < FileUtils_getFile()@resource://gre/modules/FileUtils.jsm:42 < validateBlocklist()@resource://gre/modules/AddonManager.jsm:671 < startup()@resource://gre/modules/AddonManager.jsm:834 < startup()@resource://gre/modules/AddonManager.jsm:3129 < observe()@resource://gre/components/addonManager.js:65
JavaScript error: resource://gre/modules/AddonManager.jsm, line 1657: NS_ERROR_NOT_INITIALIZED: AddonManager is not initialized
1498609630414	Marionette	INFO	Listening on port 58043
JavaScript error: resource://gre/modules/AddonManager.jsm, line 2570: NS_ERROR_NOT_INITIALIZED: AddonManager is not initialized
1498609631147	Marionette	WARN	TLS certificate errors will be ignored for this session
1498609753922	geckodriver	INFO	Listening on 127.0.0.1:58775
1498609756030	geckodriver::marionette	INFO	Starting browser \\?\C:\Program Files (x86)\Mozilla Firefox\firefox.exe with args ["-marionette"]
1498609756419	addons.manager	ERROR	startup failed: [Exception... "Component returned failure code: 0x80070057 (NS_ERROR_ILLEGAL_VALUE) [nsIFile.create]"  nsresult: "0x80070057 (NS_ERROR_ILLEGAL_VALUE)"  location: "JS frame :: resource://gre/modules/FileUtils.jsm :: FileUtils_getDir :: line 70"  data: no] Stack trace: FileUtils_getDir()@resource://gre/modules/FileUtils.jsm:70 < FileUtils_getFile()@resource://gre/modules/FileUtils.jsm:42 < validateBlocklist()@resource://gre/modules/AddonManager.jsm:671 < startup()@resource://gre/modules/AddonManager.jsm:834 < startup()@resource://gre/modules/AddonManager.jsm:3129 < observe()@resource://gre/components/addonManager.js:65
JavaScript error: resource://gre/modules/AddonManager.jsm, line 1657: NS_ERROR_NOT_INITIALIZED: AddonManager is not initialized
1498609762606	Marionette	INFO	Listening on port 58791
JavaScript error: resource://gre/modules/AddonManager.jsm, line 2570: NS_ERROR_NOT_INITIALIZED: AddonManager is not initialized
1498609763557	Marionette	WARN	TLS certificate errors will be ignored for this session
JavaScript error: resource://app/modules/WindowsJumpLists.jsm, line 403: NS_ERROR_FILE_NOT_FOUND: Component returned failure code: 0x80520012 (NS_ERROR_FILE_NOT_FOUND) [nsIJumpListShortcut.app]
JavaScript error: resource://app/modules/WindowsJumpLists.jsm, line 403: NS_ERROR_FILE_NOT_FOUND: Component returned failure code: 0x80520012 (NS_ERROR_FILE_NOT_FOUND) [nsIJumpListShortcut.app]
tte"]
1498609887545	addons.manager	ERROR	startup failed: [Exception... "Component returned failure code: 0x80070057 (NS_ERROR_ILLEGAL_VALUE) [nsIFile.create]"  nsresult: "0x80070057 (NS_ERROR_ILLEGAL_VALUE)"  location: "JS frame :: resource://gre/modules/FileUtils.jsm :: FileUtils_getDir :: line 70"  data: no] Stack trace: FileUtils_getDir()@resource://gre/modules/FileUtils.jsm:70 < FileUtils_getFile()@resource://gre/modules/FileUtils.jsm:42 < validateBlocklist()@resource://gre/modules/AddonManager.jsm:671 < startup()@resource://gre/modules/AddonManager.jsm:834 < startup()@resource://gre/modules/AddonManager.jsm:3129 < observe()@resource://gre/components/addonManager.js:65
JavaScript error: resource://gre/modules/AddonManager.jsm, line 1657: NS_ERROR_NOT_INITIALIZED: AddonManager is not initialized
1498609894313	Marionette	INFO	Listening on port 59521
JavaScript error: resource://gre/modules/AddonManager.jsm, line 2570: NS_ERROR_NOT_INITIALIZED: AddonManager is not initialized
1498609894820	Marionette	WARN	TLS certificate errors will be ignored for this session
JavaScript error: resource://app/modules/WindowsJumpLists.jsm, line 403: NS_ERROR_FILE_NOT_FOUND: Component returned failure code: 0x80520012 (NS_ERROR_FILE_NOT_FOUND) [nsIJumpListShortcut.app]
tte"]
1498609966417	addons.manager	ERROR	startup failed: [Exception... "Component returned failure code: 0x80070057 (NS_ERROR_ILLEGAL_VALUE) [nsIFile.create]"  nsresult: "0x80070057 (NS_ERROR_ILLEGAL_VALUE)"  location: "JS frame :: resource://gre/modules/FileUtils.jsm :: FileUtils_getDir :: line 70"  data: no] Stack trace: FileUtils_getDir()@resource://gre/modules/FileUtils.jsm:70 < FileUtils_getFile()@resource://gre/modules/FileUtils.jsm:42 < validateBlocklist()@resource://gre/modules/AddonManager.jsm:671 < startup()@resource://gre/modules/AddonManager.jsm:834 < startup()@resource://gre/modules/AddonManager.jsm:3129 < observe()@resource://gre/components/addonManager.js:65
JavaScript error: resource://gre/modules/AddonManager.jsm, line 1657: NS_ERROR_NOT_INITIALIZED: AddonManager is not initialized
1498609971620	Marionette	INFO	Listening on port 59954
JavaScript error: resource://gre/modules/AddonManager.jsm, line 2570: NS_ERROR_NOT_INITIALIZED: AddonManager is not initialized
1498609972185	Marionette	WARN	TLS certificate errors will be ignored for this session
1498610054182	geckodriver	INFO	Listening on 127.0.0.1:60459
1498610056250	geckodriver::marionette	INFO	Starting browser \\?\C:\Program Files (x86)\Mozilla Firefox\firefox.exe with args ["-marionette"]
1498610056680	addons.manager	ERROR	startup failed: [Exception... "Component returned failure code: 0x80070057 (NS_ERROR_ILLEGAL_VALUE) [nsIFile.create]"  nsresult: "0x80070057 (NS_ERROR_ILLEGAL_VALUE)"  location: "JS frame :: resource://gre/modules/FileUtils.jsm :: FileUtils_getDir :: line 70"  data: no] Stack trace: FileUtils_getDir()@resource://gre/modules/FileUtils.jsm:70 < FileUtils_getFile()@resource://gre/modules/FileUtils.jsm:42 < validateBlocklist()@resource://gre/modules/AddonManager.jsm:671 < startup()@resource://gre/modules/AddonManager.jsm:834 < startup()@resource://gre/modules/AddonManager.jsm:3129 < observe()@resource://gre/components/addonManager.js:65
JavaScript error: resource://gre/modules/AddonManager.jsm, line 1657: NS_ERROR_NOT_INITIALIZED: AddonManager is not initialized
1498610062265	Marionette	INFO	Listening on port 60476
JavaScript error: resource://gre/modules/AddonManager.jsm, line 2570: NS_ERROR_NOT_INITIALIZED: AddonManager is not initialized
1498610062854	Marionette	WARN	TLS certificate errors will be ignored for this session
1498610330235	geckodriver	INFO	Listening on 127.0.0.1:61830
1498610332359	geckodriver::marionette	INFO	Starting browser \\?\C:\Program Files (x86)\Mozilla Firefox\firefox.exe with args ["-marionette"]
1498610332675	addons.manager	ERROR	startup failed: [Exception... "Component returned failure code: 0x80070057 (NS_ERROR_ILLEGAL_VALUE) [nsIFile.create]"  nsresult: "0x80070057 (NS_ERROR_ILLEGAL_VALUE)"  location: "JS frame :: resource://gre/modules/FileUtils.jsm :: FileUtils_getDir :: line 70"  data: no] Stack trace: FileUtils_getDir()@resource://gre/modules/FileUtils.jsm:70 < FileUtils_getFile()@resource://gre/modules/FileUtils.jsm:42 < validateBlocklist()@resource://gre/modules/AddonManager.jsm:671 < startup()@resource://gre/modules/AddonManager.jsm:834 < startup()@resource://gre/modules/AddonManager.jsm:3129 < observe()@resource://gre/components/addonManager.js:65
JavaScript error: resource://gre/modules/AddonManager.jsm, line 1657: NS_ERROR_NOT_INITIALIZED: AddonManager is not initialized
1498610338443	Marionette	INFO	Listening on port 61846
JavaScript error: resource://gre/modules/AddonManager.jsm, line 2570: NS_ERROR_NOT_INITIALIZED: AddonManager is not initialized
1498610338983	Marionette	WARN	TLS certificate errors will be ignored for this session
console.error: 
  stylesheets actor: fetch failed for https://jse.trivago.com/_assets/osp/vAssets/main_css.90b5cedb4e40f03b96ff9b9078e2ba3e.ec.css, using system principal instead.
console.error: 
  stylesheets actor: fetch failed for https://jse.trivago.com/_assets/osp/vAssets/main_css.90b5cedb4e40f03b96ff9b9078e2ba3e.ec.css, using system principal instead.
console.error: 
  stylesheets actor: fetch failed for https://jse.trivago.com/_assets/osp/vAssets/stable_css.db60e0e26bc88c46c14d09cb93f5b8af.ec.css, using system principal instead.
console.error: 
  stylesheets actor: fetch failed for https://jse.trivago.com/_assets/osp/vAssets/stable_css.db60e0e26bc88c46c14d09cb93f5b8af.ec.css, using system principal instead.
1498610782675	geckodriver	INFO	Listening on 127.0.0.1:64060
1498610784777	geckodriver::marionette	INFO	Starting browser \\?\C:\Program Files (x86)\Mozilla Firefox\firefox.exe with args ["-marionette"]
1498610785106	addons.manager	ERROR	startup failed: [Exception... "Component returned failure code: 0x80070057 (NS_ERROR_ILLEGAL_VALUE) [nsIFile.create]"  nsresult: "0x80070057 (NS_ERROR_ILLEGAL_VALUE)"  location: "JS frame :: resource://gre/modules/FileUtils.jsm :: FileUtils_getDir :: line 70"  data: no] Stack trace: FileUtils_getDir()@resource://gre/modules/FileUtils.jsm:70 < FileUtils_getFile()@resource://gre/modules/FileUtils.jsm:42 < validateBlocklist()@resource://gre/modules/AddonManager.jsm:671 < startup()@resource://gre/modules/AddonManager.jsm:834 < startup()@resource://gre/modules/AddonManager.jsm:3129 < observe()@resource://gre/components/addonManager.js:65
JavaScript error: resource://gre/modules/AddonManager.jsm, line 1657: NS_ERROR_NOT_INITIALIZED: AddonManager is not initialized
1498610790540	Marionette	INFO	Listening on port 64075
JavaScript error: resource://gre/modules/AddonManager.jsm, line 2570: NS_ERROR_NOT_INITIALIZED: AddonManager is not initialized
1498610791091	Marionette	WARN	TLS certificate errors will be ignored for this session
console.error: 
  stylesheets actor: fetch failed for https://jse.trivago.com/_assets/osp/vAssets/main_css.90b5cedb4e40f03b96ff9b9078e2ba3e.ec.css, using system principal instead.
console.error: 
  stylesheets actor: fetch failed for https://jse.trivago.com/_assets/osp/vAssets/main_css.90b5cedb4e40f03b96ff9b9078e2ba3e.ec.css, using system principal instead.
console.error: 
  stylesheets actor: fetch failed for https://jse.trivago.com/_assets/osp/vAssets/stable_css.db60e0e26bc88c46c14d09cb93f5b8af.ec.css, using system principal instead.
console.error: 
  stylesheets actor: fetch failed for https://jse.trivago.com/_assets/osp/vAssets/stable_css.db60e0e26bc88c46c14d09cb93f5b8af.ec.css, using system principal instead.
1498611256702	geckodriver	INFO	Listening on 127.0.0.1:49984
1498611258826	geckodriver::marionette	INFO	Starting browser \\?\C:\Program Files (x86)\Mozilla Firefox\firefox.exe with args ["-marionette"]
1498611259313	addons.manager	ERROR	startup failed: [Exception... "Component returned failure code: 0x80070057 (NS_ERROR_ILLEGAL_VALUE) [nsIFile.create]"  nsresult: "0x80070057 (NS_ERROR_ILLEGAL_VALUE)"  location: "JS frame :: resource://gre/modules/FileUtils.jsm :: FileUtils_getDir :: line 70"  data: no] Stack trace: FileUtils_getDir()@resource://gre/modules/FileUtils.jsm:70 < FileUtils_getFile()@resource://gre/modules/FileUtils.jsm:42 < validateBlocklist()@resource://gre/modules/AddonManager.jsm:671 < startup()@resource://gre/modules/AddonManager.jsm:834 < startup()@resource://gre/modules/AddonManager.jsm:3129 < observe()@resource://gre/components/addonManager.js:65
JavaScript error: resource://gre/modules/AddonManager.jsm, line 1657: NS_ERROR_NOT_INITIALIZED: AddonManager is not initialized
1498611264643	Marionette	INFO	Listening on port 50000
JavaScript error: resource://gre/modules/AddonManager.jsm, line 2570: NS_ERROR_NOT_INITIALIZED: AddonManager is not initialized
1498611265279	Marionette	WARN	TLS certificate errors will be ignored for this session
JavaScript error: resource://app/modules/WindowsJumpLists.jsm, line 403: NS_ERROR_FILE_NOT_FOUND: Component returned failure code: 0x80520012 (NS_ERROR_FILE_NOT_FOUND) [nsIJumpListShortcut.app]
JavaScript error: resource://app/modules/WindowsJumpLists.jsm, line 403: NS_ERROR_FILE_NOT_FOUND: Component returned failure code: 0x80520012 (NS_ERROR_FILE_NOT_FOUND) [nsIJumpListShortcut.app]
JavaScript error: resource://app/modules/WindowsJumpLists.jsm, line 403: NS_ERROR_FILE_NOT_FOUND: Component returned failure code: 0x80520012 (NS_ERROR_FILE_NOT_FOUND) [nsIJumpListShortcut.app]
1498611773137	geckodriver	INFO	Listening on 127.0.0.1:52113
1498611775257	geckodriver::marionette	INFO	Starting browser \\?\C:\Program Files (x86)\Mozilla Firefox\firefox.exe with args ["-marionette"]
1498611775762	addons.manager	ERROR	startup failed: [Exception... "Component returned failure code: 0x80070057 (NS_ERROR_ILLEGAL_VALUE) [nsIFile.create]"  nsresult: "0x80070057 (NS_ERROR_ILLEGAL_VALUE)"  location: "JS frame :: resource://gre/modules/FileUtils.jsm :: FileUtils_getDir :: line 70"  data: no] Stack trace: FileUtils_getDir()@resource://gre/modules/FileUtils.jsm:70 < FileUtils_getFile()@resource://gre/modules/FileUtils.jsm:42 < validateBlocklist()@resource://gre/modules/AddonManager.jsm:671 < startup()@resource://gre/modules/AddonManager.jsm:834 < startup()@resource://gre/modules/AddonManager.jsm:3129 < observe()@resource://gre/components/addonManager.js:65
JavaScript error: resource://gre/modules/AddonManager.jsm, line 1657: NS_ERROR_NOT_INITIALIZED: AddonManager is not initialized
1498611781125	Marionette	INFO	Listening on port 52130
JavaScript error: resource://gre/modules/AddonManager.jsm, line 2570: NS_ERROR_NOT_INITIALIZED: AddonManager is not initialized
1498611781744	Marionette	WARN	TLS certificate errors will be ignored for this session
console.error: 
  stylesheets actor: fetch failed for https://jse.trivago.com/_assets/osp/vAssets/main_css.90b5cedb4e40f03b96ff9b9078e2ba3e.ec.css, using system principal instead.
console.error: 
  stylesheets actor: fetch failed for https://jse.trivago.com/_assets/osp/vAssets/main_css.90b5cedb4e40f03b96ff9b9078e2ba3e.ec.css, using system principal instead.
console.error: 
  stylesheets actor: fetch failed for https://jse.trivago.com/_assets/osp/vAssets/stable_css.db60e0e26bc88c46c14d09cb93f5b8af.ec.css, using system principal instead.
console.error: 
  stylesheets actor: fetch failed for https://jse.trivago.com/_assets/osp/vAssets/stable_css.db60e0e26bc88c46c14d09cb93f5b8af.ec.css, using system principal instead.
1498612054670	geckodriver	INFO	Listening on 127.0.0.1:53550
1498612056754	geckodriver::marionette	INFO	Starting browser \\?\C:\Program Files (x86)\Mozilla Firefox\firefox.exe with args ["-marionette"]
1498612057168	addons.manager	ERROR	startup failed: [Exception... "Component returned failure code: 0x80070057 (NS_ERROR_ILLEGAL_VALUE) [nsIFile.create]"  nsresult: "0x80070057 (NS_ERROR_ILLEGAL_VALUE)"  location: "JS frame :: resource://gre/modules/FileUtils.jsm :: FileUtils_getDir :: line 70"  data: no] Stack trace: FileUtils_getDir()@resource://gre/modules/FileUtils.jsm:70 < FileUtils_getFile()@resource://gre/modules/FileUtils.jsm:42 < validateBlocklist()@resource://gre/modules/AddonManager.jsm:671 < startup()@resource://gre/modules/AddonManager.jsm:834 < startup()@resource://gre/modules/AddonManager.jsm:3129 < observe()@resource://gre/components/addonManager.js:65
JavaScript error: resource://gre/modules/AddonManager.jsm, line 1657: NS_ERROR_NOT_INITIALIZED: AddonManager is not initialized
1498612062645	Marionette	INFO	Listening on port 53566
JavaScript error: resource://gre/modules/AddonManager.jsm, line 2570: NS_ERROR_NOT_INITIALIZED: AddonManager is not initialized
1498612063263	Marionette	WARN	TLS certificate errors will be ignored for this session
JavaScript error: resource://gre/modules/osfile/osfile_async_front.jsm, line 396: Error: OS.File has been shut down. Rejecting post to stat
1498612122893	geckodriver	INFO	Listening on 127.0.0.1:53924
1498612125041	geckodriver::marionette	INFO	Starting browser \\?\C:\Program Files (x86)\Mozilla Firefox\firefox.exe with args ["-marionette"]
1498612125625	addons.manager	ERROR	startup failed: [Exception... "Component returned failure code: 0x80070057 (NS_ERROR_ILLEGAL_VALUE) [nsIFile.create]"  nsresult: "0x80070057 (NS_ERROR_ILLEGAL_VALUE)"  location: "JS frame :: resource://gre/modules/FileUtils.jsm :: FileUtils_getDir :: line 70"  data: no] Stack trace: FileUtils_getDir()@resource://gre/modules/FileUtils.jsm:70 < FileUtils_getFile()@resource://gre/modules/FileUtils.jsm:42 < validateBlocklist()@resource://gre/modules/AddonManager.jsm:671 < startup()@resource://gre/modules/AddonManager.jsm:834 < startup()@resource://gre/modules/AddonManager.jsm:3129 < observe()@resource://gre/components/addonManager.js:65
JavaScript error: resource://gre/modules/AddonManager.jsm, line 1657: NS_ERROR_NOT_INITIALIZED: AddonManager is not initialized
1498612130943	Marionette	INFO	Listening on port 53939
JavaScript error: resource://gre/modules/AddonManager.jsm, line 2570: NS_ERROR_NOT_INITIALIZED: AddonManager is not initialized
1498612131572	Marionette	WARN	TLS certificate errors will be ignored for this session
JavaScript error: resource://gre/modules/osfile/osfile_async_front.jsm, line 396: Error: OS.File has been shut down. Rejecting post to stat
1498612367726	geckodriver	INFO	Listening on 127.0.0.1:55097
1498612369873	geckodriver::marionette	INFO	Starting browser \\?\C:\Program Files (x86)\Mozilla Firefox\firefox.exe with args ["-marionette"]
1498612370537	addons.manager	ERROR	startup failed: [Exception... "Component returned failure code: 0x80070057 (NS_ERROR_ILLEGAL_VALUE) [nsIFile.create]"  nsresult: "0x80070057 (NS_ERROR_ILLEGAL_VALUE)"  location: "JS frame :: resource://gre/modules/FileUtils.jsm :: FileUtils_getDir :: line 70"  data: no] Stack trace: FileUtils_getDir()@resource://gre/modules/FileUtils.jsm:70 < FileUtils_getFile()@resource://gre/modules/FileUtils.jsm:42 < validateBlocklist()@resource://gre/modules/AddonManager.jsm:671 < startup()@resource://gre/modules/AddonManager.jsm:834 < startup()@resource://gre/modules/AddonManager.jsm:3129 < observe()@resource://gre/components/addonManager.js:65
JavaScript error: resource://gre/modules/AddonManager.jsm, line 1657: NS_ERROR_NOT_INITIALIZED: AddonManager is not initialized
1498612375694	Marionette	INFO	Listening on port 55114
JavaScript error: resource://gre/modules/AddonManager.jsm, line 2570: NS_ERROR_NOT_INITIALIZED: AddonManager is not initialized
1498612376176	Marionette	WARN	TLS certificate errors will be ignored for this session
JavaScript error: resource://app/modules/WindowsJumpLists.jsm, line 403: NS_ERROR_FILE_NOT_FOUND: Component returned failure code: 0x80520012 (NS_ERROR_FILE_NOT_FOUND) [nsIJumpListShortcut.app]
1498646928853	geckodriver	INFO	Listening on 127.0.0.1:57893
1498646930840	geckodriver::marionette	INFO	Starting browser \\?\C:\Program Files (x86)\Mozilla Firefox\firefox.exe with args ["-marionette"]
1498646931498	addons.manager	ERROR	startup failed: [Exception... "Component returned failure code: 0x80070057 (NS_ERROR_ILLEGAL_VALUE) [nsIFile.create]"  nsresult: "0x80070057 (NS_ERROR_ILLEGAL_VALUE)"  location: "JS frame :: resource://gre/modules/FileUtils.jsm :: FileUtils_getDir :: line 70"  data: no] Stack trace: FileUtils_getDir()@resource://gre/modules/FileUtils.jsm:70 < FileUtils_getFile()@resource://gre/modules/FileUtils.jsm:42 < validateBlocklist()@resource://gre/modules/AddonManager.jsm:671 < startup()@resource://gre/modules/AddonManager.jsm:834 < startup()@resource://gre/modules/AddonManager.jsm:3129 < observe()@resource://gre/components/addonManager.js:65
JavaScript error: resource://gre/modules/AddonManager.jsm, line 1657: NS_ERROR_NOT_INITIALIZED: AddonManager is not initialized
1498646935178	Marionette	INFO	Listening on port 57903
JavaScript error: resource://gre/modules/AddonManager.jsm, line 2570: NS_ERROR_NOT_INITIALIZED: AddonManager is not initialized
1498646936104	Marionette	WARN	TLS certificate errors will be ignored for this session
1498650205584	geckodriver	INFO	Listening on 127.0.0.1:60388
1498650207587	geckodriver::marionette	INFO	Starting browser \\?\C:\Program Files (x86)\Mozilla Firefox\firefox.exe with args ["-marionette"]
1498650207897	addons.manager	ERROR	startup failed: [Exception... "Component returned failure code: 0x80070057 (NS_ERROR_ILLEGAL_VALUE) [nsIFile.create]"  nsresult: "0x80070057 (NS_ERROR_ILLEGAL_VALUE)"  location: "JS frame :: resource://gre/modules/FileUtils.jsm :: FileUtils_getDir :: line 70"  data: no] Stack trace: FileUtils_getDir()@resource://gre/modules/FileUtils.jsm:70 < FileUtils_getFile()@resource://gre/modules/FileUtils.jsm:42 < validateBlocklist()@resource://gre/modules/AddonManager.jsm:674 < startup()@resource://gre/modules/AddonManager.jsm:837 < startup()@resource://gre/modules/AddonManager.jsm:3145 < observe()@resource://gre/components/addonManager.js:65
JavaScript error: resource://gre/modules/AddonManager.jsm, line 1657: NS_ERROR_NOT_INITIALIZED: AddonManager is not initialized
1498650211323	Marionette	INFO	Listening on port 60394
JavaScript error: resource://gre/modules/AddonManager.jsm, line 2572: NS_ERROR_NOT_INITIALIZED: AddonManager is not initialized
1498650211953	Marionette	WARN	TLS certificate errors will be ignored for this session
1498650258663	Marionette	INFO	Ceased listening
0.0.1:60577
1498650258332	geckodriver::marionette	INFO	Starting browser \\?\C:\Program Files (x86)\Mozilla Firefox\firefox.exe with args ["-marionette"]
1498650258715	addons.manager	ERROR	startup failed: [Exception... "Component returned failure code: 0x80070057 (NS_ERROR_ILLEGAL_VALUE) [nsIFile.create]"  nsresult: "0x80070057 (NS_ERROR_ILLEGAL_VALUE)"  location: "JS frame :: resource://gre/modules/FileUtils.jsm :: FileUtils_getDir :: line 70"  data: no] Stack trace: FileUtils_getDir()@resource://gre/modules/FileUtils.jsm:70 < FileUtils_getFile()@resource://gre/modules/FileUtils.jsm:42 < validateBlocklist()@resource://gre/modules/AddonManager.jsm:674 < startup()@resource://gre/modules/AddonManager.jsm:837 < startup()@resource://gre/modules/AddonManager.jsm:3145 < observe()@resource://gre/components/addonManager.js:65
JavaScript error: resource://gre/modules/AddonManager.jsm, line 1657: NS_ERROR_NOT_INITIALIZED: AddonManager is not initialized
1498650262346	Marionette	INFO	Listening on port 60583
JavaScript error: resource://gre/modules/AddonManager.jsm, line 2572: NS_ERROR_NOT_INITIALIZED: AddonManager is not initialized
1498650262785	Marionette	WARN	TLS certificate errors will be ignored for this session
JavaScript error: resource://app/modules/WindowsJumpLists.jsm, line 403: NS_ERROR_FILE_NOT_FOUND: Component returned failure code: 0x80520012 (NS_ERROR_FILE_NOT_FOUND) [nsIJumpListShortcut.app]
JavaScript error: resource://app/modules/WindowsJumpLists.jsm, line 403: NS_ERROR_FILE_NOT_FOUND: Component returned failure code: 0x80520012 (NS_ERROR_FILE_NOT_FOUND) [nsIJumpListShortcut.app]
JavaScript error: resource://app/modules/WindowsJumpLists.jsm, line 403: NS_ERROR_FILE_NOT_FOUND: Component returned failure code: 0x80520012 (NS_ERROR_FILE_NOT_FOUND) [nsIJumpListShortcut.app]
1498650671084	Marionette	INFO	Ceased listening
0.0.1:60800
1498650634595	geckodriver::marionette	INFO	Starting browser \\?\C:\Program Files (x86)\Mozilla Firefox\firefox.exe with args ["-marionette"]
1498650634964	addons.manager	ERROR	startup failed: [Exception... "Component returned failure code: 0x80070057 (NS_ERROR_ILLEGAL_VALUE) [nsIFile.create]"  nsresult: "0x80070057 (NS_ERROR_ILLEGAL_VALUE)"  location: "JS frame :: resource://gre/modules/FileUtils.jsm :: FileUtils_getDir :: line 70"  data: no] Stack trace: FileUtils_getDir()@resource://gre/modules/FileUtils.jsm:70 < FileUtils_getFile()@resource://gre/modules/FileUtils.jsm:42 < validateBlocklist()@resource://gre/modules/AddonManager.jsm:674 < startup()@resource://gre/modules/AddonManager.jsm:837 < startup()@resource://gre/modules/AddonManager.jsm:3145 < observe()@resource://gre/components/addonManager.js:65
JavaScript error: resource://gre/modules/AddonManager.jsm, line 1657: NS_ERROR_NOT_INITIALIZED: AddonManager is not initialized
1498650639056	Marionette	INFO	Listening on port 60806
JavaScript error: resource://gre/modules/AddonManager.jsm, line 2572: NS_ERROR_NOT_INITIALIZED: AddonManager is not initialized
1498650639867	Marionette	WARN	TLS certificate errors will be ignored for this session
1498650666745	Marionette	INFO	Ceased listening
1498650684390	geckodriver	INFO	Listening on 127.0.0.1:60957
1498650686484	geckodriver::marionette	INFO	Starting browser \\?\C:\Program Files (x86)\Mozilla Firefox\firefox.exe with args ["-marionette"]
1498650686738	addons.manager	ERROR	startup failed: [Exception... "Component returned failure code: 0x80070057 (NS_ERROR_ILLEGAL_VALUE) [nsIFile.create]"  nsresult: "0x80070057 (NS_ERROR_ILLEGAL_VALUE)"  location: "JS frame :: resource://gre/modules/FileUtils.jsm :: FileUtils_getDir :: line 70"  data: no] Stack trace: FileUtils_getDir()@resource://gre/modules/FileUtils.jsm:70 < FileUtils_getFile()@resource://gre/modules/FileUtils.jsm:42 < validateBlocklist()@resource://gre/modules/AddonManager.jsm:674 < startup()@resource://gre/modules/AddonManager.jsm:837 < startup()@resource://gre/modules/AddonManager.jsm:3145 < observe()@resource://gre/components/addonManager.js:65
JavaScript error: resource://gre/modules/AddonManager.jsm, line 1657: NS_ERROR_NOT_INITIALIZED: AddonManager is not initialized
1498650690679	Marionette	INFO	Listening on port 60963
JavaScript error: resource://gre/modules/AddonManager.jsm, line 2572: NS_ERROR_NOT_INITIALIZED: AddonManager is not initialized
1498650691747	Marionette	WARN	TLS certificate errors will be ignored for this session
JavaScript error: resource://app/modules/WindowsJumpLists.jsm, line 403: NS_ERROR_FILE_NOT_FOUND: Component returned failure code: 0x80520012 (NS_ERROR_FILE_NOT_FOUND) [nsIJumpListShortcut.app]
1498650917666	Marionette	INFO	Ceased listening
1498650926943	geckodriver	INFO	Listening on 127.0.0.1:61150
1498650929034	geckodriver::marionette	INFO	Starting browser \\?\C:\Program Files (x86)\Mozilla Firefox\firefox.exe with args ["-marionette"]
1498650929354	addons.manager	ERROR	startup failed: [Exception... "Component returned failure code: 0x80070057 (NS_ERROR_ILLEGAL_VALUE) [nsIFile.create]"  nsresult: "0x80070057 (NS_ERROR_ILLEGAL_VALUE)"  location: "JS frame :: resource://gre/modules/FileUtils.jsm :: FileUtils_getDir :: line 70"  data: no] Stack trace: FileUtils_getDir()@resource://gre/modules/FileUtils.jsm:70 < FileUtils_getFile()@resource://gre/modules/FileUtils.jsm:42 < validateBlocklist()@resource://gre/modules/AddonManager.jsm:674 < startup()@resource://gre/modules/AddonManager.jsm:837 < startup()@resource://gre/modules/AddonManager.jsm:3145 < observe()@resource://gre/components/addonManager.js:65
JavaScript error: resource://gre/modules/AddonManager.jsm, line 1657: NS_ERROR_NOT_INITIALIZED: AddonManager is not initialized
1498650933357	Marionette	INFO	Listening on port 61156
JavaScript error: resource://gre/modules/AddonManager.jsm, line 2572: NS_ERROR_NOT_INITIALIZED: AddonManager is not initialized
1498650934296	Marionette	WARN	TLS certificate errors will be ignored for this session
JavaScript error: resource://app/modules/WindowsJumpLists.jsm, line 403: NS_ERROR_FILE_NOT_FOUND: Component returned failure code: 0x80520012 (NS_ERROR_FILE_NOT_FOUND) [nsIJumpListShortcut.app]
JavaScript error: resource://app/modules/WindowsJumpLists.jsm, line 403: NS_ERROR_FILE_NOT_FOUND: Component returned failure code: 0x80520012 (NS_ERROR_FILE_NOT_FOUND) [nsIJumpListShortcut.app]
JavaScript error: resource://app/modules/WindowsJumpLists.jsm, line 403: NS_ERROR_FILE_NOT_FOUND: Component returned failure code: 0x80520012 (NS_ERROR_FILE_NOT_FOUND) [nsIJumpListShortcut.app]
JavaScript error: resource://gre/modules/AddonManager.jsm, line 1416: NS_ERROR_NOT_INITIALIZED: AddonManager is not initialized
JavaScript error: resource://app/modules/WindowsJumpLists.jsm, line 403: NS_ERROR_FILE_NOT_FOUND: Component returned failure code: 0x80520012 (NS_ERROR_FILE_NOT_FOUND) [nsIJumpListShortcut.app]
JavaScript error: resource://gre/modules/FileUtils.jsm, line 70: NS_ERROR_ILLEGAL_VALUE: Component returned failure code: 0x80070057 (NS_ERROR_ILLEGAL_VALUE) [nsIFile.create]
JavaScript error: resource://app/modules/WindowsJumpLists.jsm, line 403: NS_ERROR_FILE_NOT_FOUND: Component returned failure code: 0x80520012 (NS_ERROR_FILE_NOT_FOUND) [nsIJumpListShortcut.app]
1498651615505	Marionette	INFO	Ceased listening
1498652428215	geckodriver	INFO	Listening on 127.0.0.1:61744
1498652430353	geckodriver::marionette	INFO	Starting browser \\?\C:\Program Files (x86)\Mozilla Firefox\firefox.exe with args ["-marionette"]
1498652430607	addons.manager	ERROR	startup failed: [Exception... "Component returned failure code: 0x80070057 (NS_ERROR_ILLEGAL_VALUE) [nsIFile.create]"  nsresult: "0x80070057 (NS_ERROR_ILLEGAL_VALUE)"  location: "JS frame :: resource://gre/modules/FileUtils.jsm :: FileUtils_getDir :: line 70"  data: no] Stack trace: FileUtils_getDir()@resource://gre/modules/FileUtils.jsm:70 < FileUtils_getFile()@resource://gre/modules/FileUtils.jsm:42 < validateBlocklist()@resource://gre/modules/AddonManager.jsm:674 < startup()@resource://gre/modules/AddonManager.jsm:837 < startup()@resource://gre/modules/AddonManager.jsm:3145 < observe()@resource://gre/components/addonManager.js:65
JavaScript error: resource://gre/modules/AddonManager.jsm, line 1657: NS_ERROR_NOT_INITIALIZED: AddonManager is not initialized
1498652434303	Marionette	INFO	Listening on port 61759
JavaScript error: resource://gre/modules/AddonManager.jsm, line 2572: NS_ERROR_NOT_INITIALIZED: AddonManager is not initialized
1498652434607	Marionette	WARN	TLS certificate errors will be ignored for this session
JavaScript error: resource://app/modules/WindowsJumpLists.jsm, line 403: NS_ERROR_FILE_NOT_FOUND: Component returned failure code: 0x80520012 (NS_ERROR_FILE_NOT_FOUND) [nsIJumpListShortcut.app]
JavaScript error: resource://app/modules/WindowsJumpLists.jsm, line 403: NS_ERROR_FILE_NOT_FOUND: Component returned failure code: 0x80520012 (NS_ERROR_FILE_NOT_FOUND) [nsIJumpListShortcut.app]
JavaScript error: resource://app/modules/WindowsJumpLists.jsm, line 403: NS_ERROR_FILE_NOT_FOUND: Component returned failure code: 0x80520012 (NS_ERROR_FILE_NOT_FOUND) [nsIJumpListShortcut.app]
JavaScript error: resource://app/modules/WindowsJumpLists.jsm, line 403: NS_ERROR_FILE_NOT_FOUND: Component returned failure code: 0x80520012 (NS_ERROR_FILE_NOT_FOUND) [nsIJumpListShortcut.app]
JavaScript error: resource://gre/modules/AddonManager.jsm, line 1416: NS_ERROR_NOT_INITIALIZED: AddonManager is not initialized
1498652957939	Marionette	INFO	Ceased listening
1498653309986	geckodriver	INFO	Listening on 127.0.0.1:62042
1498653312068	geckodriver::marionette	INFO	Starting browser \\?\C:\Program Files (x86)\Mozilla Firefox\firefox.exe with args ["-marionette"]
1498653312404	addons.manager	ERROR	startup failed: [Exception... "Component returned failure code: 0x80070057 (NS_ERROR_ILLEGAL_VALUE) [nsIFile.create]"  nsresult: "0x80070057 (NS_ERROR_ILLEGAL_VALUE)"  location: "JS frame :: resource://gre/modules/FileUtils.jsm :: FileUtils_getDir :: line 70"  data: no] Stack trace: FileUtils_getDir()@resource://gre/modules/FileUtils.jsm:70 < FileUtils_getFile()@resource://gre/modules/FileUtils.jsm:42 < validateBlocklist()@resource://gre/modules/AddonManager.jsm:674 < startup()@resource://gre/modules/AddonManager.jsm:837 < startup()@resource://gre/modules/AddonManager.jsm:3145 < observe()@resource://gre/components/addonManager.js:65
JavaScript error: resource://gre/modules/AddonManager.jsm, line 1657: NS_ERROR_NOT_INITIALIZED: AddonManager is not initialized
1498653316056	Marionette	INFO	Listening on port 62048
JavaScript error: resource://gre/modules/AddonManager.jsm, line 2572: NS_ERROR_NOT_INITIALIZED: AddonManager is not initialized
1498653316500	Marionette	WARN	TLS certificate errors will be ignored for this session
JavaScript error: resource://app/modules/WindowsJumpLists.jsm, line 403: NS_ERROR_FILE_NOT_FOUND: Component returned failure code: 0x80520012 (NS_ERROR_FILE_NOT_FOUND) [nsIJumpListShortcut.app]
1498653474008	Marionette	INFO	Ceased listening
1498653873197	geckodriver	INFO	Listening on 127.0.0.1:62310
1498653875272	geckodriver::marionette	INFO	Starting browser \\?\C:\Program Files (x86)\Mozilla Firefox\firefox.exe with args ["-marionette"]
1498653875582	addons.manager	ERROR	startup failed: [Exception... "Component returned failure code: 0x80070057 (NS_ERROR_ILLEGAL_VALUE) [nsIFile.create]"  nsresult: "0x80070057 (NS_ERROR_ILLEGAL_VALUE)"  location: "JS frame :: resource://gre/modules/FileUtils.jsm :: FileUtils_getDir :: line 70"  data: no] Stack trace: FileUtils_getDir()@resource://gre/modules/FileUtils.jsm:70 < FileUtils_getFile()@resource://gre/modules/FileUtils.jsm:42 < validateBlocklist()@resource://gre/modules/AddonManager.jsm:674 < startup()@resource://gre/modules/AddonManager.jsm:837 < startup()@resource://gre/modules/AddonManager.jsm:3145 < observe()@resource://gre/components/addonManager.js:65
JavaScript error: resource://gre/modules/AddonManager.jsm, line 1657: NS_ERROR_NOT_INITIALIZED: AddonManager is not initialized
1498653879739	Marionette	INFO	Listening on port 62316
JavaScript error: resource://gre/modules/AddonManager.jsm, line 2572: NS_ERROR_NOT_INITIALIZED: AddonManager is not initialized
1498653880523	Marionette	WARN	TLS certificate errors will be ignored for this session
JavaScript error: resource://app/modules/WindowsJumpLists.jsm, line 403: NS_ERROR_FILE_NOT_FOUND: Component returned failure code: 0x80520012 (NS_ERROR_FILE_NOT_FOUND) [nsIJumpListShortcut.app]
JavaScript error: resource://app/modules/WindowsJumpLists.jsm, line 403: NS_ERROR_FILE_NOT_FOUND: Component returned failure code: 0x80520012 (NS_ERROR_FILE_NOT_FOUND) [nsIJumpListShortcut.app]
JavaScript error: resource://app/modules/WindowsJumpLists.jsm, line 403: NS_ERROR_FILE_NOT_FOUND: Component returned failure code: 0x80520012 (NS_ERROR_FILE_NOT_FOUND) [nsIJumpListShortcut.app]
JavaScript error: resource://app/modules/WindowsJumpLists.jsm, line 403: NS_ERROR_FILE_NOT_FOUND: Component returned failure code: 0x80520012 (NS_ERROR_FILE_NOT_FOUND) [nsIJumpListShortcut.app]
JavaScript error: resource://gre/modules/AddonManager.jsm, line 1416: NS_ERROR_NOT_INITIALIZED: AddonManager is not initialized
JavaScript error: resource://app/modules/WindowsJumpLists.jsm, line 403: NS_ERROR_FILE_NOT_FOUND: Component returned failure code: 0x80520012 (NS_ERROR_FILE_NOT_FOUND) [nsIJumpListShortcut.app]
JavaScript error: resource://gre/modules/FileUtils.jsm, line 70: NS_ERROR_ILLEGAL_VALUE: Component returned failure code: 0x80070057 (NS_ERROR_ILLEGAL_VALUE) [nsIFile.create]
JavaScript error: resource://app/modules/WindowsJumpLists.jsm, line 403: NS_ERROR_FILE_NOT_FOUND: Component returned failure code: 0x80520012 (NS_ERROR_FILE_NOT_FOUND) [nsIJumpListShortcut.app]
JavaScript error: resource://app/modules/WindowsJumpLists.jsm, line 403: NS_ERROR_FILE_NOT_FOUND: Component returned failure code: 0x80520012 (NS_ERROR_FILE_NOT_FOUND) [nsIJumpListShortcut.app]
JavaScript error: resource://app/modules/WindowsJumpLists.jsm, line 403: NS_ERROR_FILE_NOT_FOUND: Component returned failure code: 0x80520012 (NS_ERROR_FILE_NOT_FOUND) [nsIJumpListShortcut.app]
JavaScript error: resource://app/modules/WindowsJumpLists.jsm, line 403: NS_ERROR_FILE_NOT_FOUND: Component returned failure code: 0x80520012 (NS_ERROR_FILE_NOT_FOUND) [nsIJumpListShortcut.app]
JavaScript error: resource://app/modules/WindowsJumpLists.jsm, line 403: NS_ERROR_FILE_NOT_FOUND: Component returned failure code: 0x80520012 (NS_ERROR_FILE_NOT_FOUND) [nsIJumpListShortcut.app]
1498655367877	Marionette	INFO	Ceased listening
1498655737900	geckodriver	INFO	Listening on 127.0.0.1:62863
1498655739949	geckodriver::marionette	INFO	Starting browser \\?\C:\Program Files (x86)\Mozilla Firefox\firefox.exe with args ["-marionette"]
1498655740209	addons.manager	ERROR	startup failed: [Exception... "Component returned failure code: 0x80070057 (NS_ERROR_ILLEGAL_VALUE) [nsIFile.create]"  nsresult: "0x80070057 (NS_ERROR_ILLEGAL_VALUE)"  location: "JS frame :: resource://gre/modules/FileUtils.jsm :: FileUtils_getDir :: line 70"  data: no] Stack trace: FileUtils_getDir()@resource://gre/modules/FileUtils.jsm:70 < FileUtils_getFile()@resource://gre/modules/FileUtils.jsm:42 < validateBlocklist()@resource://gre/modules/AddonManager.jsm:674 < startup()@resource://gre/modules/AddonManager.jsm:837 < startup()@resource://gre/modules/AddonManager.jsm:3145 < observe()@resource://gre/components/addonManager.js:65
JavaScript error: resource://gre/modules/AddonManager.jsm, line 1657: NS_ERROR_NOT_INITIALIZED: AddonManager is not initialized
1498655743925	Marionette	INFO	Listening on port 62869
JavaScript error: resource://gre/modules/AddonManager.jsm, line 2572: NS_ERROR_NOT_INITIALIZED: AddonManager is not initialized
1498655744443	Marionette	WARN	TLS certificate errors will be ignored for this session
JavaScript error: resource://app/modules/WindowsJumpLists.jsm, line 403: NS_ERROR_FILE_NOT_FOUND: Component returned failure code: 0x80520012 (NS_ERROR_FILE_NOT_FOUND) [nsIJumpListShortcut.app]
1498655922282	Marionette	INFO	Ceased listening
1498655926452	geckodriver	INFO	Listening on 127.0.0.1:63036
1498655928523	geckodriver::marionette	INFO	Starting browser \\?\C:\Program Files (x86)\Mozilla Firefox\firefox.exe with args ["-marionette"]
1498655928803	addons.manager	ERROR	startup failed: [Exception... "Component returned failure code: 0x80070057 (NS_ERROR_ILLEGAL_VALUE) [nsIFile.create]"  nsresult: "0x80070057 (NS_ERROR_ILLEGAL_VALUE)"  location: "JS frame :: resource://gre/modules/FileUtils.jsm :: FileUtils_getDir :: line 70"  data: no] Stack trace: FileUtils_getDir()@resource://gre/modules/FileUtils.jsm:70 < FileUtils_getFile()@resource://gre/modules/FileUtils.jsm:42 < validateBlocklist()@resource://gre/modules/AddonManager.jsm:674 < startup()@resource://gre/modules/AddonManager.jsm:837 < startup()@resource://gre/modules/AddonManager.jsm:3145 < observe()@resource://gre/components/addonManager.js:65
JavaScript error: resource://gre/modules/AddonManager.jsm, line 1657: NS_ERROR_NOT_INITIALIZED: AddonManager is not initialized
1498655932709	Marionette	INFO	Listening on port 63042
JavaScript error: resource://gre/modules/AddonManager.jsm, line 2572: NS_ERROR_NOT_INITIALIZED: AddonManager is not initialized
1498655933743	Marionette	WARN	TLS certificate errors will be ignored for this session
1498655949981	Marionette	INFO	Ceased listening
1498655954160	geckodriver	INFO	Listening on 127.0.0.1:63194
1498655956235	geckodriver::marionette	INFO	Starting browser \\?\C:\Program Files (x86)\Mozilla Firefox\firefox.exe with args ["-marionette"]
1498655956534	addons.manager	ERROR	startup failed: [Exception... "Component returned failure code: 0x80070057 (NS_ERROR_ILLEGAL_VALUE) [nsIFile.create]"  nsresult: "0x80070057 (NS_ERROR_ILLEGAL_VALUE)"  location: "JS frame :: resource://gre/modules/FileUtils.jsm :: FileUtils_getDir :: line 70"  data: no] Stack trace: FileUtils_getDir()@resource://gre/modules/FileUtils.jsm:70 < FileUtils_getFile()@resource://gre/modules/FileUtils.jsm:42 < validateBlocklist()@resource://gre/modules/AddonManager.jsm:674 < startup()@resource://gre/modules/AddonManager.jsm:837 < startup()@resource://gre/modules/AddonManager.jsm:3145 < observe()@resource://gre/components/addonManager.js:65
JavaScript error: resource://gre/modules/AddonManager.jsm, line 1657: NS_ERROR_NOT_INITIALIZED: AddonManager is not initialized
1498655959775	Marionette	INFO	Listening on port 63201
JavaScript error: resource://gre/modules/AddonManager.jsm, line 2572: NS_ERROR_NOT_INITIALIZED: AddonManager is not initialized
1498655960113	Marionette	WARN	TLS certificate errors will be ignored for this session
1498655994307	Marionette	INFO	Ceased listening
1498655997112	geckodriver	INFO	Listening on 127.0.0.1:63383
1498655999175	geckodriver::marionette	INFO	Starting browser \\?\C:\Program Files (x86)\Mozilla Firefox\firefox.exe with args ["-marionette"]
1498655999426	addons.manager	ERROR	startup failed: [Exception... "Component returned failure code: 0x80070057 (NS_ERROR_ILLEGAL_VALUE) [nsIFile.create]"  nsresult: "0x80070057 (NS_ERROR_ILLEGAL_VALUE)"  location: "JS frame :: resource://gre/modules/FileUtils.jsm :: FileUtils_getDir :: line 70"  data: no] Stack trace: FileUtils_getDir()@resource://gre/modules/FileUtils.jsm:70 < FileUtils_getFile()@resource://gre/modules/FileUtils.jsm:42 < validateBlocklist()@resource://gre/modules/AddonManager.jsm:674 < startup()@resource://gre/modules/AddonManager.jsm:837 < startup()@resource://gre/modules/AddonManager.jsm:3145 < observe()@resource://gre/components/addonManager.js:65
JavaScript error: resource://gre/modules/AddonManager.jsm, line 1657: NS_ERROR_NOT_INITIALIZED: AddonManager is not initialized
1498656002617	Marionette	INFO	Listening on port 63389
JavaScript error: resource://gre/modules/AddonManager.jsm, line 2572: NS_ERROR_NOT_INITIALIZED: AddonManager is not initialized
1498656002997	Marionette	WARN	TLS certificate errors will be ignored for this session
1498656025243	Marionette	INFO	Ceased listening
1498656029912	geckodriver	INFO	Listening on 127.0.0.1:63575
1498656031975	geckodriver::marionette	INFO	Starting browser \\?\C:\Program Files (x86)\Mozilla Firefox\firefox.exe with args ["-marionette"]
1498656032267	addons.manager	ERROR	startup failed: [Exception... "Component returned failure code: 0x80070057 (NS_ERROR_ILLEGAL_VALUE) [nsIFile.create]"  nsresult: "0x80070057 (NS_ERROR_ILLEGAL_VALUE)"  location: "JS frame :: resource://gre/modules/FileUtils.jsm :: FileUtils_getDir :: line 70"  data: no] Stack trace: FileUtils_getDir()@resource://gre/modules/FileUtils.jsm:70 < FileUtils_getFile()@resource://gre/modules/FileUtils.jsm:42 < validateBlocklist()@resource://gre/modules/AddonManager.jsm:674 < startup()@resource://gre/modules/AddonManager.jsm:837 < startup()@resource://gre/modules/AddonManager.jsm:3145 < observe()@resource://gre/components/addonManager.js:65
JavaScript error: resource://gre/modules/AddonManager.jsm, line 1657: NS_ERROR_NOT_INITIALIZED: AddonManager is not initialized
1498656035728	Marionette	INFO	Listening on port 63581
JavaScript error: resource://gre/modules/AddonManager.jsm, line 2572: NS_ERROR_NOT_INITIALIZED: AddonManager is not initialized
1498656036132	Marionette	WARN	TLS certificate errors will be ignored for this session
1498656096100	addons.productaddons	WARN	Failed downloading XML, status: 0, reason: error
1498656096537	Marionette	INFO	Ceased listening
1498656100270	geckodriver	INFO	Listening on 127.0.0.1:63780
1498656102342	geckodriver::marionette	INFO	Starting browser \\?\C:\Program Files (x86)\Mozilla Firefox\firefox.exe with args ["-marionette"]
1498656102614	addons.manager	ERROR	startup failed: [Exception... "Component returned failure code: 0x80070057 (NS_ERROR_ILLEGAL_VALUE) [nsIFile.create]"  nsresult: "0x80070057 (NS_ERROR_ILLEGAL_VALUE)"  location: "JS frame :: resource://gre/modules/FileUtils.jsm :: FileUtils_getDir :: line 70"  data: no] Stack trace: FileUtils_getDir()@resource://gre/modules/FileUtils.jsm:70 < FileUtils_getFile()@resource://gre/modules/FileUtils.jsm:42 < validateBlocklist()@resource://gre/modules/AddonManager.jsm:674 < startup()@resource://gre/modules/AddonManager.jsm:837 < startup()@resource://gre/modules/AddonManager.jsm:3145 < observe()@resource://gre/components/addonManager.js:65
JavaScript error: resource://gre/modules/AddonManager.jsm, line 1657: NS_ERROR_NOT_INITIALIZED: AddonManager is not initialized
1498656106334	Marionette	INFO	Listening on port 63786
JavaScript error: resource://gre/modules/AddonManager.jsm, line 2572: NS_ERROR_NOT_INITIALIZED: AddonManager is not initialized
1498656106736	Marionette	WARN	TLS certificate errors will be ignored for this session
console.error: 
  stylesheets actor: fetch failed for https://jse.trivago.com/_assets/osp/vAssets/main_css.90b5cedb4e40f03b96ff9b9078e2ba3e.ec.css, using system principal instead.
console.error: 
  stylesheets actor: fetch failed for https://jse.trivago.com/_assets/osp/vAssets/stable_css.db60e0e26bc88c46c14d09cb93f5b8af.ec.css, using system principal instead.
console.error: 
  stylesheets actor: fetch failed for https://jse.trivago.com/_assets/osp/vAssets/stable_css.db60e0e26bc88c46c14d09cb93f5b8af.ec.css, using system principal instead.
JavaScript error: resource://app/modules/WindowsJumpLists.jsm, line 403: NS_ERROR_FILE_NOT_FOUND: Component returned failure code: 0x80520012 (NS_ERROR_FILE_NOT_FOUND) [nsIJumpListShortcut.app]
JavaScript error: resource://app/modules/WindowsJumpLists.jsm, line 403: NS_ERROR_FILE_NOT_FOUND: Component returned failure code: 0x80520012 (NS_ERROR_FILE_NOT_FOUND) [nsIJumpListShortcut.app]
JavaScript error: resource://app/modules/WindowsJumpLists.jsm, line 403: NS_ERROR_FILE_NOT_FOUND: Component returned failure code: 0x80520012 (NS_ERROR_FILE_NOT_FOUND) [nsIJumpListShortcut.app]
JavaScript error: resource://app/modules/WindowsJumpLists.jsm, line 403: NS_ERROR_FILE_NOT_FOUND: Component returned failure code: 0x80520012 (NS_ERROR_FILE_NOT_FOUND) [nsIJumpListShortcut.app]
JavaScript error: resource://gre/modules/AddonManager.jsm, line 1416: NS_ERROR_NOT_INITIALIZED: AddonManager is not initialized
JavaScript error: resource://gre/modules/FileUtils.jsm, line 70: NS_ERROR_ILLEGAL_VALUE: Component returned failure code: 0x80070057 (NS_ERROR_ILLEGAL_VALUE) [nsIFile.create]
JavaScript error: resource://app/modules/WindowsJumpLists.jsm, line 403: NS_ERROR_FILE_NOT_FOUND: Component returned failure code: 0x80520012 (NS_ERROR_FILE_NOT_FOUND) [nsIJumpListShortcut.app]
JavaScript error: resource://app/modules/WindowsJumpLists.jsm, line 403: NS_ERROR_FILE_NOT_FOUND: Component returned failure code: 0x80520012 (NS_ERROR_FILE_NOT_FOUND) [nsIJumpListShortcut.app]
1498657010038	Marionette	INFO	Ceased listening
